0:0:0:0:0:0:0:1 - - [15/Oct/2019:10:43:28 +0530] "GET /greet HTTP/1.1" 302 -
0:0:0:0:0:0:0:1 - - [15/Oct/2019:10:43:28 +0530] "GET /login HTTP/1.1" 200 535
0:0:0:0:0:0:0:1 - - [15/Oct/2019:10:43:32 +0530] "GET /favicon.ico HTTP/1.1" 302 -
0:0:0:0:0:0:0:1 - - [15/Oct/2019:10:43:56 +0530] "POST /login HTTP/1.1" 302 -
0:0:0:0:0:0:0:1 - - [15/Oct/2019:10:43:57 +0530] "GET /greet HTTP/1.1" 400 745
0:0:0:0:0:0:0:1 - - [15/Oct/2019:10:43:57 +0530] "GET /login HTTP/1.1" 200 535
0:0:0:0:0:0:0:1 - - [15/Oct/2019:11:02:15 +0530] "GET /?form HTTP/1.1" 302 -
0:0:0:0:0:0:0:1 - - [15/Oct/2019:11:02:15 +0530] "GET /login HTTP/1.1" 200 535
0:0:0:0:0:0:0:1 - - [15/Oct/2019:11:02:17 +0530] "POST /login HTTP/1.1" 302 -
0:0:0:0:0:0:0:1 - - [15/Oct/2019:11:02:19 +0530] "GET /?form HTTP/1.1" 200 1015
0:0:0:0:0:0:0:1 - - [15/Oct/2019:11:02:19 +0530] "GET /css/bootstrap.min.css HTTP/1.1" 200 83054
0:0:0:0:0:0:0:1 - - [15/Oct/2019:11:02:19 +0530] "GET /login HTTP/1.1" 200 535
0:0:0:0:0:0:0:1 - - [15/Oct/2019:11:02:22 +0530] "GET / HTTP/1.1" 200 794
0:0:0:0:0:0:0:1 - - [15/Oct/2019:11:02:22 +0530] "GET /css/bootstrap.min.css HTTP/1.1" 200 83054
0:0:0:0:0:0:0:1 - - [15/Oct/2019:11:02:24 +0530] "GET /?form HTTP/1.1" 200 1015
0:0:0:0:0:0:0:1 - - [15/Oct/2019:11:02:24 +0530] "GET /css/bootstrap.min.css HTTP/1.1" 200 83054
0:0:0:0:0:0:0:1 - - [15/Oct/2019:11:02:47 +0530] "POST /?form HTTP/1.1" 302 -
0:0:0:0:0:0:0:1 - - [15/Oct/2019:11:02:47 +0530] "GET /1 HTTP/1.1" 200 983
0:0:0:0:0:0:0:1 - - [15/Oct/2019:11:02:47 +0530] "GET /css/bootstrap.min.css HTTP/1.1" 200 83054
0:0:0:0:0:0:0:1 - - [15/Oct/2019:11:03:09 +0530] "GET /delete/1 HTTP/1.1" 403 295
